This is XeTeX, Version 3.1415926-2.2-0.9995.2 (TeX Live 2009) (format=xelatex 2010.8.4)  30 DEC 2011 20:28
entering extended mode
 file:line:error style messages enabled.
 %&-line parsing enabled.
**"interacting mindreaders.2.tex"
(./interacting mindreaders.2.tex
LaTeX2e <2009/09/24>
Babel <v3.8l> and hyphenation patterns for english, usenglishmax, dumylang, noh
yphenation, german-x-2009-06-19, ngerman-x-2009-06-19, ancientgreek, ibycus, ar
abic, basque, bulgarian, catalan, pinyin, coptic, croatian, czech, danish, dutc
h, esperanto, estonian, farsi, finnish, french, galician, german, ngerman, mono
greek, greek, hungarian, icelandic, indonesian, interlingua, irish, italian, ku
rmanji, latin, latvian, lithuanian, mongolian, mongolian2a, bokmal, nynorsk, po
lish, portuguese, romanian, russian, sanskrit, serbian, slovak, slovenian, span
ish, swedish, turkish, ukenglish, ukrainian, uppersorbian, welsh, loaded.
(/usr/local/texlive/2009/texmf-dist/tex/latex/extsizes/extarticle.cls
Document Class: extarticle 1996/10/08 v1.0 Non Standard LaTeX document class
(/usr/local/texlive/2009/texmf-dist/tex/latex/extsizes/size14.clo
File: size14.clo 1999/11/11 v1.4a NON-Standard LaTeX file (size option)
)
(/usr/local/texlive/2009/texmf-dist/tex/latex/base/exscale.sty
Package: exscale 2007/10/29 v2.1h Standard LaTeX package exscale
LaTeX Font Info:    Redeclaring symbol font `largesymbols' on input line 52.
LaTeX Font Info:    Overwriting symbol font `largesymbols' in version `normal'
(Font)                  OMX/cmex/m/n --> OMX/cmex/m/n on input line 52.
LaTeX Font Info:    Overwriting symbol font `largesymbols' in version `bold'
(Font)                  OMX/cmex/m/n --> OMX/cmex/m/n on input line 52.
\big@size=\dimen102
)
\c@part=\count80
\c@section=\count81
\c@subsection=\count82
\c@subsubsection=\count83
\c@paragraph=\count84
\c@subparagraph=\count85
\c@figure=\count86
\c@table=\count87
\abovecaptionskip=\skip41
\belowcaptionskip=\skip42
\bibindent=\dimen103
)
(/Users/stephenbutterfill/Documents/submissions/preamble_steve_paper2.tex
(/usr/local/texlive/2009/texmf-dist/tex/latex/geometry/geometry.sty
Package: geometry 2008/12/21 v4.2 Page Geometry

(/usr/local/texlive/2009/texmf-dist/tex/latex/graphics/keyval.sty
Package: keyval 1999/03/16 v1.13 key=value parser (DPC)
\KV@toks@=\toks14
)
(/usr/local/texlive/2009/texmf-dist/tex/generic/oberdiek/ifpdf.sty
Package: ifpdf 2009/04/10 v2.0 Provides the ifpdf switch (HO)
Package ifpdf Info: pdfTeX in pdf mode not detected.
)
(/usr/local/texlive/2009/texmf-dist/tex/generic/oberdiek/ifvtex.sty
Package: ifvtex 2008/11/04 v1.4 Switches for detecting VTeX and its modes (HO)
Package ifvtex Info: VTeX not detected.
)
\Gm@cnth=\count88
\Gm@cntv=\count89
\c@Gm@tempcnt=\count90
\Gm@bindingoffset=\dimen104
\Gm@wd@mp=\dimen105
\Gm@odd@mp=\dimen106
\Gm@even@mp=\dimen107
\Gm@dimlist=\toks15

(/usr/local/texlive/2009/texmf-dist/tex/xelatex/xetexconfig/geometry.cfg))
(/usr/local/texlive/2009/texmf-dist/tex/latex/ltxmisc/ulem.sty
\UL@box=\box26
\UL@hyphenbox=\box27
\UL@skip=\skip43
\UL@hook=\toks16
\UL@pe=\count91
\UL@pixel=\dimen108
\ULC@box=\box28
Package: ulem 2000/05/26
\ULdepth=\dimen109
)
(/usr/local/texlive/2009/texmf-dist/tex/xelatex/fontspec/fontspec.sty
Package: fontspec 2008/08/09 v1.18 Advanced font selection for XeLaTeX

(/usr/local/texlive/2009/texmf-dist/tex/generic/ifxetex/ifxetex.sty
Package: ifxetex 2009/01/23 v0.5 Provides ifxetex conditional
)
\c@zf@newff=\count92
\c@zf@index=\count93
\c@zf@script=\count94
\c@zf@language=\count95

(/usr/local/texlive/2009/texmf-dist/tex/latex/tools/calc.sty
Package: calc 2007/08/22 v4.3 Infix arithmetic (KKT,FJ)
\calc@Acount=\count96
\calc@Bcount=\count97
\calc@Adimen=\dimen110
\calc@Bdimen=\dimen111
\calc@Askip=\skip44
\calc@Bskip=\skip45
LaTeX Info: Redefining \setlength on input line 76.
LaTeX Info: Redefining \addtolength on input line 77.
\calc@Ccount=\count98
\calc@Cskip=\skip46
)
(/usr/local/texlive/2009/texmf-dist/tex/latex/xkeyval/xkeyval.sty
Package: xkeyval 2008/08/13 v2.6a package option processing (HA)

(/usr/local/texlive/2009/texmf-dist/tex/generic/xkeyval/xkeyval.tex
\XKV@toks=\toks17
\XKV@tempa@toks=\toks18
\XKV@depth=\count99
File: xkeyval.tex 2008/08/13 v2.6a key=value parser (HA)
))
(/usr/local/texlive/2009/texmf-dist/tex/latex/base/fontenc.sty
Package: fontenc 2005/09/27 v1.99g Standard LaTeX package

(/usr/local/texlive/2009/texmf-dist/tex/xelatex/euenc/eu1enc.def
File: eu1enc.def 2008/03/08 v0.1d Experimental unicode font encoding
)
LaTeX Font Info:    Try loading font information for EU1+lmr on input line 100.


(/usr/local/texlive/2009/texmf-dist/tex/xelatex/euenc/eu1lmr.fd
File: eu1lmr.fd 2007/01/14 v1.3 Font defs for Latin Modern
))
LaTeX Info: Redefining \itshape on input line 1163.
LaTeX Info: Redefining \slshape on input line 1166.
LaTeX Info: Redefining \scshape on input line 1169.
LaTeX Info: Redefining \upshape on input line 1172.

fontspec.cfg loaded.
(/usr/local/texlive/2009/texmf-dist/tex/xelatex/fontspec/fontspec.cfg))
(/usr/local/texlive/2009/texmf-dist/tex/xelatex/xunicode/xunicode.sty
File: xunicode.sty 2008/02/08 v0.91 provides access to latin accents and many o
ther characters in Unicode lower plane
)
\c@zf@famc@Linux Libertine O=\count100
Package fontspec Info: Defining font family for 'Linux Libertine O' with option
s [Mapping=tex-text,Mapping=tex-text] on input line 34.
\c@zf@famc@Linux Biolinum O=\count101
Package fontspec Info: Defining font family for 'Linux Biolinum O' with options
 [Mapping=tex-text,Mapping=tex-text] on input line 35.
Package fontspec Info: Andale Mono scale = 0.8483 on input line 36.
\c@zf@famc@Andale Mono=\count102
Package fontspec Info: Defining font family for 'Andale Mono' with options [Map
ping=tex-text,Scale=MatchLowercase] on input line 36.
Package fontspec Info: Andale Mono scale = 0.8483 on input line 36.
Package fontspec Info: Could not resolve font Andale Mono/B (it might not exist
) on input line 36.
Package fontspec Info: Could not resolve font Andale Mono/I (it might not exist
) on input line 36.
Package fontspec Info: Could not resolve font Andale Mono/BI (it might not exis
t) on input line 36.

(/usr/local/texlive/2009/texmf-dist/tex/latex/hyperref/hyperref.sty
Package: hyperref 2009/10/09 v6.79a Hypertext links for LaTeX

(/usr/local/texlive/2009/texmf-dist/tex/latex/oberdiek/hycolor.sty
Package: hycolor 2009/10/02 v1.5 Code for color options of hyperref/bookmark (H
O)

(/usr/local/texlive/2009/texmf-dist/tex/latex/oberdiek/xcolor-patch.sty
Package: xcolor-patch 2009/10/02 xcolor patch
))
\@linkdim=\dimen112
\Hy@linkcounter=\count103
\Hy@pagecounter=\count104

(/usr/local/texlive/2009/texmf-dist/tex/latex/hyperref/pd1enc.def
File: pd1enc.def 2009/10/09 v6.79a Hyperref: PDFDocEncoding definition (HO)
)
(/usr/local/texlive/2009/texmf-dist/tex/generic/oberdiek/etexcmds.sty
Package: etexcmds 2007/12/12 v1.2 Prefix for e-TeX command names (HO)

(/usr/local/texlive/2009/texmf-dist/tex/generic/oberdiek/infwarerr.sty
Package: infwarerr 2007/09/09 v1.2 Providing info/warning/message (HO)
)
Package etexcmds Info: Could not find \expanded.
(etexcmds)             That can mean that you are not using pdfTeX 1.50 or
(etexcmds)             that some package has redefined \expanded.
(etexcmds)             In the latter case, load this package earlier.
)
(/usr/local/texlive/2009/texmf-dist/tex/xelatex/xetexconfig/hyperref.cfg
File: hyperref.cfg 2008/07/11 v1.2 hyperref configuration for XeLaTeX
)
(/usr/local/texlive/2009/texmf-dist/tex/latex/oberdiek/kvoptions.sty
Package: kvoptions 2009/08/13 v3.4 Keyval support for LaTeX options (HO)

(/usr/local/texlive/2009/texmf-dist/tex/generic/oberdiek/kvsetkeys.sty
Package: kvsetkeys 2009/07/30 v1.5 Key value parser with default handler suppor
t (HO)
))
Package hyperref Info: Hyper figures OFF on input line 2975.
Package hyperref Info: Link nesting OFF on input line 2980.
Package hyperref Info: Hyper index ON on input line 2983.
Package hyperref Info: Plain pages OFF on input line 2990.
Package hyperref Info: Backreferencing OFF on input line 2995.

Implicit mode ON; LaTeX internals redefined
Package hyperref Info: Bookmarks ON on input line 3191.
(/usr/local/texlive/2009/texmf-dist/tex/latex/ltxmisc/url.sty
\Urlmuskip=\muskip10
Package: url 2006/04/12  ver 3.3  Verb mode for urls, etc.
)
LaTeX Info: Redefining \url on input line 3428.

(/usr/local/texlive/2009/texmf-dist/tex/generic/oberdiek/bitset.sty
Package: bitset 2007/09/28 v1.0 Data type bit set (HO)

(/usr/local/texlive/2009/texmf-dist/tex/generic/oberdiek/intcalc.sty
Package: intcalc 2007/09/27 v1.1 Expandable integer calculations (HO)
)
(/usr/local/texlive/2009/texmf-dist/tex/generic/oberdiek/bigintcalc.sty
Package: bigintcalc 2007/11/11 v1.1 Expandable big integer calculations (HO)

(/usr/local/texlive/2009/texmf-dist/tex/generic/oberdiek/pdftexcmds.sty
Package: pdftexcmds 2009/09/23 v0.6 LuaTeX support for pdfTeX utility functions
 (HO)

(/usr/local/texlive/2009/texmf-dist/tex/generic/oberdiek/ifluatex.sty
Package: ifluatex 2009/04/17 v1.2 Provides the ifluatex switch (HO)
Package ifluatex Info: LuaTeX not detected.
)
(/usr/local/texlive/2009/texmf-dist/tex/generic/oberdiek/ltxcmds.sty
Package: ltxcmds 2009/08/05 v1.0 Some LaTeX kernel commands for general use (HO
)
)
Package pdftexcmds Info: LuaTeX not detected.
Package pdftexcmds Info: pdfTeX >= 1.30 not detected.
Package pdftexcmds Info: \pdf@primitive is available.
Package pdftexcmds Info: \pdf@ifprimitive is available.
)))
\Fld@menulength=\count105
\Field@Width=\dimen113
\Fld@charsize=\dimen114
\Field@toks=\toks19
Package hyperref Info: Hyper figures OFF on input line 4377.
Package hyperref Info: Link nesting OFF on input line 4382.
Package hyperref Info: Hyper index ON on input line 4385.
Package hyperref Info: backreferencing OFF on input line 4392.
Package hyperref Info: Link coloring OFF on input line 4397.
Package hyperref Info: Link coloring with OCG OFF on input line 4402.
Package hyperref Info: PDF/A mode OFF on input line 4407.

(/usr/local/texlive/2009/texmf-dist/tex/generic/oberdiek/atbegshi.sty
Package: atbegshi 2008/07/31 v1.9 At begin shipout hook (HO)
)
\Hy@abspage=\count106
\c@Item=\count107
\c@Hfootnote=\count108
)
*hyperref using default driver hdvipdfm*
(/usr/local/texlive/2009/texmf-dist/tex/latex/hyperref/hdvipdfm.def
File: hdvipdfm.def 2009/10/09 v6.79a Hyperref driver for dvipdfm
\pdfm@box=\box29
\c@Hy@AnnotLevel=\count109
\HyField@AnnotCount=\count110
\Fld@listcount=\count111
)
(/usr/local/texlive/2009/texmf-dist/tex/latex/tools/varioref.sty
Package: varioref 2009/09/13 v1.4w package for extended references (FMi)
\c@vrcnt=\count112
)
(/usr/local/texlive/2009/texmf-dist/tex/latex/setspace/setspace.sty
Package: setspace 2000/12/01 6.7 Contributed and Supported LaTeX2e package

Package: `setspace' 6.7 <2000/12/01>
) (/usr/local/texlive/2009/texmf-dist/tex/latex/natbib/natbib.sty
Package: natbib 2009/07/16 8.31 (PWD, AO)
\bibhang=\skip47
\bibsep=\skip48
LaTeX Info: Redefining \cite on input line 694.
\c@NAT@ctr=\count113
)
(/usr/local/texlive/2009/texmf-dist/tex/latex/tools/verbatim.sty
Package: verbatim 2003/08/22 v1.5q LaTeX2e package for verbatim enhancements
\every@verbatim=\toks20
\verbatim@line=\toks21
\verbatim@in@stream=\read1
)
(/usr/local/texlive/2009/texmf-dist/tex/latex/footmisc/footmisc.sty
Package: footmisc 2009/09/15 v5.5a a miscellany of footnote facilities
\FN@temptoken=\toks22
\footnotemargin=\dimen115
\c@pp@next@reset=\count114
Package footmisc Info: Declaring symbol style bringhurst on input line 855.
Package footmisc Info: Declaring symbol style chicago on input line 863.
Package footmisc Info: Declaring symbol style wiley on input line 872.
Package footmisc Info: Declaring symbol style lamport-robust on input line 883.

Package footmisc Info: Declaring symbol style lamport* on input line 903.
Package footmisc Info: Declaring symbol style lamport*-robust on input line 924
.
)
(/usr/local/texlive/2009/texmf-dist/tex/latex/booktabs/booktabs.sty
Package: booktabs 2005/04/14 v1.61803 publication quality tables
\heavyrulewidth=\dimen116
\lightrulewidth=\dimen117
\cmidrulewidth=\dimen118
\belowrulesep=\dimen119
\belowbottomsep=\dimen120
\aboverulesep=\dimen121
\abovetopsep=\dimen122
\cmidrulesep=\dimen123
\cmidrulekern=\dimen124
\defaultaddspace=\dimen125
\@cmidla=\count115
\@cmidlb=\count116
\@aboverulesep=\dimen126
\@belowrulesep=\dimen127
\@thisruleclass=\count117
\@lastruleclass=\count118
\@thisrulewidth=\dimen128
)
(/usr/local/texlive/2009/texmf-dist/tex/latex/ctable/ctable.sty
Package: ctable 2009/09/17 v1.15 ctable package

(/usr/local/texlive/2009/texmf-dist/tex/latex/graphics/color.sty
Package: color 2005/11/14 v1.0j Standard LaTeX Color (DPC)

(/usr/local/texlive/2009/texmf-dist/tex/latex/latexconfig/color.cfg
File: color.cfg 2007/01/18 v1.5 color configuration of teTeX/TeXLive
)
Package color Info: Driver file: xetex.def on input line 130.

(/usr/local/texlive/2009/texmf-dist/tex/xelatex/xetex-def/xetex.def
File: xetex.def 2009/10/28 v0.93 LaTeX color/graphics driver for XeTeX (RRM, mo
d. JK)
))
(/usr/local/texlive/2009/texmf-dist/tex/latex/tools/array.sty
Package: array 2008/09/09 v2.4c Tabular extension package (FMi)
\col@sep=\dimen129
\extrarowheight=\dimen130
\NC@list=\toks23
\extratabsurround=\skip49
\backup@length=\skip50
)
(/usr/local/texlive/2009/texmf-dist/tex/latex/tools/tabularx.sty
Package: tabularx 1999/01/07 v2.07 `tabularx' package (DPC)
\TX@col@width=\dimen131
\TX@old@table=\dimen132
\TX@old@col=\dimen133
\TX@target=\dimen134
\TX@delta=\dimen135
\TX@cols=\count119
\TX@ftn=\toks24
)
(/usr/local/texlive/2009/texmf-dist/tex/latex/rotating/rotating.sty
Package: rotating 2009/03/28 v2.16a rotated objects in LaTeX

(/usr/local/texlive/2009/texmf-dist/tex/latex/graphics/graphicx.sty
Package: graphicx 1999/02/16 v1.0f Enhanced LaTeX Graphics (DPC,SPQR)

(/usr/local/texlive/2009/texmf-dist/tex/latex/graphics/graphics.sty
Package: graphics 2009/02/05 v1.0o Standard LaTeX Graphics (DPC,SPQR)

(/usr/local/texlive/2009/texmf-dist/tex/latex/graphics/trig.sty
Package: trig 1999/03/16 v1.09 sin cos tan (DPC)
)
(/usr/local/texlive/2009/texmf-dist/tex/latex/latexconfig/graphics.cfg
File: graphics.cfg 2009/08/28 v1.8 graphics configuration of TeX Live
)
Package graphics Info: Driver file: xetex.def on input line 91.
)
\Gin@req@height=\dimen136
\Gin@req@width=\dimen137
)
(/usr/local/texlive/2009/texmf-dist/tex/latex/base/ifthen.sty
Package: ifthen 2001/05/26 v1.1c Standard LaTeX ifthen package (DPC)
)
\c@r@tfl@t=\count120
\rotFPtop=\skip51
\rotFPbot=\skip52
\rot@float@box=\box30
\rot@mess@toks=\toks25
)
\@ctblframesep=\dimen138
\@ctblframerule=\dimen139
\@ctblwidth=\dimen140
\@ctblcaptionskip=\dimen141
\@ctblmaxwidth=\dimen142
\@ctblmincapwidth=\dimen143
\@ctblw=\dimen144
\@ctblfloatwidth=\dimen145
\@ctbloldsep=\dimen146
\@ctbloldrule=\dimen147
\ctbl@t=\box31
)
(/usr/local/texlive/2009/texmf-dist/tex/latex/titlesec/titlesec.sty
Package: titlesec 2007/08/12 v2.8 Sectioning titles
\ttl@box=\box32
\beforetitleunit=\skip53
\aftertitleunit=\skip54
\ttl@plus=\dimen148
\ttl@minus=\dimen149
\ttl@toksa=\toks26
\titlewidth=\dimen150
\titlewidthlast=\dimen151
\titlewidthfirst=\dimen152
)
(/usr/local/texlive/2009/texmf-dist/tex/latex/caption/caption.sty
Package: caption 2009/10/09 v3.1k Customizing captions (AR)

(/usr/local/texlive/2009/texmf-dist/tex/latex/caption/caption3.sty
Package: caption3 2009/10/09 v3.1k caption3 kernel (AR)
\captionmargin=\dimen153
\captionmargin@=\dimen154
\captionwidth=\dimen155
\caption@indent=\dimen156
\caption@parindent=\dimen157
\caption@hangindent=\dimen158
)
\c@ContinuedFloat=\count121
Package caption Info: hyperref package is loaded.
Package caption Info: rotating package is loaded.
)
(/usr/local/texlive/2009/texmf-dist/tex/latex/enumitem/enumitem.sty
Package: enumitem 2009/05/18 v2.2 Customized lists
\enit@toks=\toks27
\labelindent=\skip55
\enit@outerparindent=\dimen159
\enitdp@desc=\count122
)
(/usr/local/texlive/2009/texmf-dist/tex/latex/titling/titling.sty
Package: titling 2009/09/04 v2.1d maketitle typesetting
\thanksmarkwidth=\skip56
\thanksmargin=\skip57
\droptitle=\skip58
))
(./interacting mindreaders.2.aux)
\openout1 = `"interacting mindreaders.2.aux"'.

LaTeX Font Info:    Checking defaults for OML/cmm/m/it on input line 17.
LaTeX Font Info:    ... okay on input line 17.
LaTeX Font Info:    Checking defaults for T1/cmr/m/n on input line 17.
LaTeX Font Info:    ... okay on input line 17.
LaTeX Font Info:    Checking defaults for OT1/cmr/m/n on input line 17.
LaTeX Font Info:    ... okay on input line 17.
LaTeX Font Info:    Checking defaults for OMS/cmsy/m/n on input line 17.
LaTeX Font Info:    ... okay on input line 17.
LaTeX Font Info:    Checking defaults for OMX/cmex/m/n on input line 17.
LaTeX Font Info:    ... okay on input line 17.
LaTeX Font Info:    Checking defaults for U/cmr/m/n on input line 17.
LaTeX Font Info:    ... okay on input line 17.
LaTeX Font Info:    Checking defaults for EU1/lmr/m/n on input line 17.
LaTeX Font Info:    ... okay on input line 17.
LaTeX Font Info:    Checking defaults for PD1/pdf/m/n on input line 17.
LaTeX Font Info:    ... okay on input line 17.

*geometry detected driver: pdftex*
-------------------- Geometry parameters
paper: a4paper
landscape: --
twocolumn: --
twoside: --
asymmetric: --
h-parts: 113.81102pt, 369.88583pt, 113.81102pt
v-parts: 85.35826pt, 625.96062pt, 133.72797pt
hmarginratio: --
vmarginratio: --
lines: --
heightrounded: --
bindingoffset: 0.0pt
truedimen: --
includehead: --
includefoot: --
includemp: --
driver: pdftex
-------------------- Page layout dimensions and switches
\paperwidth  597.50787pt
\paperheight 845.04684pt
\textwidth  369.88583pt
\textheight 625.96062pt
\oddsidemargin  41.54103pt
\evensidemargin 41.54103pt
\topmargin  -29.1114pt
\headheight 14.0pt
\headsep    28.19968pt
\footskip   28.45274pt
\marginparwidth 15.0pt
\marginparsep   10.0pt
\columnsep  10.0pt
\skip\footins  12.0pt plus 4.0pt minus 2.0pt
\hoffset 0.0pt
\voffset 0.0pt
\mag 1000

(1in=72.27pt, 1cm=28.45pt)
-----------------------
Package fontspec Info: Adjusting the maths setup (use [no-math] to avoid this).
 on input line 17.
\symlegacymaths=\mathgroup4
LaTeX Font Info:    Overwriting symbol font `legacymaths' in version `bold'
(Font)                  OT1/cmr/m/n --> OT1/cmr/bx/n on input line 17.
LaTeX Font Info:    Redeclaring math accent \acute on input line 17.
LaTeX Font Info:    Redeclaring math accent \grave on input line 17.
LaTeX Font Info:    Redeclaring math accent \ddot on input line 17.
LaTeX Font Info:    Redeclaring math accent \tilde on input line 17.
LaTeX Font Info:    Redeclaring math accent \bar on input line 17.
LaTeX Font Info:    Redeclaring math accent \breve on input line 17.
LaTeX Font Info:    Redeclaring math accent \check on input line 17.
LaTeX Font Info:    Redeclaring math accent \hat on input line 17.
LaTeX Font Info:    Redeclaring math accent \dot on input line 17.
LaTeX Font Info:    Redeclaring math accent \mathring on input line 17.
LaTeX Font Info:    Redeclaring math symbol \colon on input line 17.
LaTeX Font Info:    Redeclaring math symbol \Gamma on input line 17.
LaTeX Font Info:    Redeclaring math symbol \Delta on input line 17.
LaTeX Font Info:    Redeclaring math symbol \Theta on input line 17.
LaTeX Font Info:    Redeclaring math symbol \Lambda on input line 17.
LaTeX Font Info:    Redeclaring math symbol \Xi on input line 17.
LaTeX Font Info:    Redeclaring math symbol \Pi on input line 17.
LaTeX Font Info:    Redeclaring math symbol \Sigma on input line 17.
LaTeX Font Info:    Redeclaring math symbol \Upsilon on input line 17.
LaTeX Font Info:    Redeclaring math symbol \Phi on input line 17.
LaTeX Font Info:    Redeclaring math symbol \Psi on input line 17.
LaTeX Font Info:    Redeclaring math symbol \Omega on input line 17.
LaTeX Font Info:    Redeclaring math symbol \mathdollar on input line 17.
LaTeX Font Info:    Redeclaring symbol font `operators' on input line 17.
LaTeX Font Info:    Encoding `OT1' has changed to `EU1' for symbol font
(Font)              `operators' in the math version `normal' on input line 17.
LaTeX Font Info:    Overwriting symbol font `operators' in version `normal'
(Font)                  OT1/cmr/m/n --> EU1/LinuxLibertineO(0)/m/n on input lin
e 17.
LaTeX Font Info:    Encoding `OT1' has changed to `EU1' for symbol font
(Font)              `operators' in the math version `bold' on input line 17.
LaTeX Font Info:    Overwriting symbol font `operators' in version `bold'
(Font)                  OT1/cmr/bx/n --> EU1/LinuxLibertineO(0)/m/n on input li
ne 17.
LaTeX Font Info:    Overwriting symbol font `operators' in version `normal'
(Font)                  EU1/LinuxLibertineO(0)/m/n --> EU1/LinuxLibertineO(0)/m
/n on input line 17.
LaTeX Font Info:    Overwriting math alphabet `\mathrm' in version `normal'
(Font)                  EU1/LinuxLibertineO(0)/m/n --> EU1/LinuxLibertineO(0)/m
/n on input line 17.
LaTeX Font Info:    Overwriting math alphabet `\mathit' in version `normal'
(Font)                  OT1/cmr/m/it --> EU1/LinuxLibertineO(0)/m/it on input l
ine 17.
LaTeX Font Info:    Overwriting math alphabet `\mathbf' in version `normal'
(Font)                  OT1/cmr/bx/n --> EU1/LinuxLibertineO(0)/bx/n on input l
ine 17.
LaTeX Font Info:    Overwriting math alphabet `\mathsf' in version `normal'
(Font)                  OT1/cmss/m/n --> EU1/LinuxBiolinumO(0)/m/n on input lin
e 17.
LaTeX Font Info:    Overwriting math alphabet `\mathtt' in version `normal'
(Font)                  OT1/cmtt/m/n --> EU1/AndaleMono(0)/m/n on input line 17
.
LaTeX Font Info:    Overwriting symbol font `operators' in version `bold'
(Font)                  EU1/LinuxLibertineO(0)/m/n --> EU1/LinuxLibertineO(0)/b
x/n on input line 17.
LaTeX Font Info:    Overwriting math alphabet `\mathrm' in version `bold'
(Font)                  EU1/LinuxLibertineO(0)/m/n --> EU1/LinuxLibertineO(0)/b
x/n on input line 17.
LaTeX Font Info:    Overwriting math alphabet `\mathit' in version `bold'
(Font)                  OT1/cmr/bx/it --> EU1/LinuxLibertineO(0)/bx/it on input
 line 17.
LaTeX Font Info:    Overwriting math alphabet `\mathsf' in version `bold'
(Font)                  OT1/cmss/bx/n --> EU1/LinuxBiolinumO(0)/bx/n on input l
ine 17.
LaTeX Font Info:    Overwriting math alphabet `\mathtt' in version `bold'
(Font)                  OT1/cmtt/m/n --> EU1/AndaleMono(0)/bx/n on input line 1
7.
Package hyperref Info: Link coloring OFF on input line 17.
(/usr/local/texlive/2009/texmf-dist/tex/latex/hyperref/nameref.sty
Package: nameref 2007/05/29 v2.31 Cross-referencing by name of section

(/usr/local/texlive/2009/texmf-dist/tex/latex/oberdiek/refcount.sty
Package: refcount 2008/08/11 v3.1 Data extraction from references (HO)
)
\c@section@level=\count123
LaTeX Info: Redefining \Ref on input line 396.
)
LaTeX Info: Redefining \ref on input line 17.
LaTeX Info: Redefining \pageref on input line 17.

(./interacting mindreaders.2.out) (./interacting mindreaders.2.out)
\@outlinefile=\write3
\openout3 = `"interacting mindreaders.2.out"'.

\AtBeginShipoutBox=\box33
LaTeX Info: Redefining \Ref on input line 17.
Package caption Info: Begin \AtBeginDocument code.
Package caption Info: End \AtBeginDocument code.
LaTeX Font Info:    External font `cmex7' loaded for size
(Font)              <7> on input line 23.


Package hyperref Warning: No destination for bookmark of \addcontentsline,
(hyperref)                destination is added on input line 83.

[1

]
Overfull \hbox (4.62772pt too wide) in paragraph at lines 96--100
\EU1/LinuxLibertineO(0)/m/n/14.4 not about what sorts of mechanisms are involve
d. While philoso-
 []

[2]
LaTeX Font Info:    External font `cmex7' loaded for size
(Font)              <5> on input line 173.
 [3]
Overfull \hbox (5.63248pt too wide) in paragraph at lines 201--223
\EU1/LinuxLibertineO(0)/m/n/14.4 mental states often includes the occurrence (a
nd non-occurrence)
 []

[4]
Overfull \hbox (1.61588pt too wide) in paragraph at lines 230--232
[]\EU1/LinuxLibertineO(0)/m/n/14.4 Developing these ideas requires us to fill i
n some background
 []

[5]
Overfull \hbox (17.81491pt too wide) in paragraph at lines 253--281
\EU1/LinuxLibertineO(0)/m/n/14.4 our argument, but mainly because goal ascripti
on is widely thought
 []

[6] [7] [8]
Overfull \hbox (12.2504pt too wide) in paragraph at lines 427--429
[]\EU1/LinuxLibertineO(0)/m/n/14.4 the occurrence of outcome $\OML/cmm/m/it/14.
4 G$ \EU1/LinuxLibertineO(0)/m/n/14.4 is typically desirable for agents
 []

[9] [10]
Overfull \hbox (10.07732pt too wide) in paragraph at lines 527--544
\EU1/LinuxLibertineO(0)/m/n/14.4 times includes considerations about which ends
 actions are means
 []

[11] [12]
File: figure_hare_toma_2004_e3.png Graphic file (type QTm)
 <use  "figure_hare_toma_2004_e3.png" > [13]
Overfull \hbox (2.93015pt too wide) in paragraph at lines 625--634
\EU1/LinuxLibertineO(0)/m/n/14.4 Our overall aim is to defend this claim: there
 are routes to knowl-
 []

[14] [15] [16] [17]
Overfull \hbox (3.07253pt too wide) in paragraph at lines 830--835
\EU1/LinuxLibertineO(0)/m/n/14.4 knowing the conclusion, 3. Second, in some of 
those cases know-
 []

[18] [19]
Overfull \hbox (6.74223pt too wide) in paragraph at lines 890--905
[]\EU1/LinuxLibertineO(0)/m/n/14.4 The your-goal-is-my-goal route to knowledge 
is characterised
 []

[20]
Overfull \hbox (2.41492pt too wide) in paragraph at lines 909--913
\EU1/LinuxLibertineO(0)/m/n/14.4 section []3[][] on page 11[][][]). Showing how
 your-goal-is-my-goal makes
 []

[21] [22] [23]
Overfull \hbox (12.28369pt too wide) in paragraph at lines 1069--1093
\EU1/LinuxLibertineO(0)/m/n/14.4 three-year-old children. In one condition part
icipants were shown
 []

[24] [25] [26]
Overfull \hbox (0.65103pt too wide) in paragraph at lines 1191--1202
[]\EU1/LinuxLibertineO(0)/m/n/14.4 The your-goal-is-my-goal route to knowledge 
sometimes en-
 []

[27] [28]
Overfull \hbox (5.73332pt too wide) in paragraph at lines 1299--1328
\EU1/LinuxLibertineO(0)/m/n/14.4 false beliefs may easily arise, particularly i
n cases involving novel
 []


Overfull \hbox (2.06128pt too wide) in paragraph at lines 1299--1328
\EU1/LinuxLibertineO(0)/m/n/14.4 presupposing sophisticated forms of mindreadin
g, might instead
 []


./interacting mindreaders.2.tex:1336: Package varioref Error: \vref at page bou
ndary 29-30 (may loop).

See the varioref package documentation for explanation.
Type  H <return>  for immediate help.
 ...                                              
                                                  
l.1336 ...ection \vref{sec:communicative_gestures}
                                                  ).
? 
[29] (./interacting mindreaders.2.bbl [30] [31] [32]
Underfull \hbox (badness 1057) in paragraph at lines 213--217
\EU1/LinuxLibertineO(0)/m/n/14.4 month-olds communicate helpfully and appropria
tely for
 []

[33] [34]
Underfull \hbox (badness 1389) in paragraph at lines 347--350
\EU1/LinuxLibertineO(0)/m/n/14.4 M. (1998).  Acquisition of Word-Object associa
tions by
 []


Underfull \hbox (badness 1226) in paragraph at lines 347--350
\EU1/LinuxLibertineO(0)/m/n/14.4 14-Month-Old infants.  \EU1/LinuxLibertineO(0)
/m/it/14.4 Developmental Psychology\EU1/LinuxLibertineO(0)/m/n/14.4 , \EU1/Linu
xLibertineO(0)/m/it/14.4 34\EU1/LinuxLibertineO(0)/m/n/14.4 (6),
 []

[35]) [36] (./interacting mindreaders.2.aux) ) 
Here is how much of TeX's memory you used:
 11141 strings out of 494665
 181502 string characters out of 3163744
 283558 words of memory out of 3000000
 14202 multiletter control sequences out of 15000+200000
 5693 words of font info for 43 fonts, out of 3000000 for 9000
 669 hyphenation exceptions out of 8191
 55i,8n,92p,745b,511s stack positions out of 5000i,500n,10000p,200000b,50000s

Output written on interacting mindreaders.2.pdf (36 pages).
